<?xml version="1.0" encoding="UTF-8"?>
<testng-results ignored="0" total="1" passed="1" failed="0" skipped="0">
  <reporter-output>
  </reporter-output>
  <suite started-at="2022-03-31T09:57:58 EDT" name="Default suite" finished-at="2022-03-31T09:58:08 EDT" duration-ms="10237">
    <groups>
    </groups>
    <test started-at="2022-03-31T09:57:58 EDT" name="Default test" finished-at="2022-03-31T09:58:08 EDT" duration-ms="10237">
      <class name="com.saucedemo.testcases.OrderProductsTest">
        <test-method is-config="true" signature="loadConfig()[pri:0, instance:com.saucedemo.testcases.OrderProductsTest@2631f68c]" started-at="2022-03-31T09:57:58 EDT" name="loadConfig" finished-at="2022-03-31T09:57:58 EDT" duration-ms="16" status="PASS">
          <reporter-output>
          </reporter-output>
        </test-method> <!-- loadConfig -->
        <test-method is-config="true" signature="extentRepo()[pri:0, instance:com.saucedemo.testcases.OrderProductsTest@2631f68c]" started-at="2022-03-31T09:57:58 EDT" name="extentRepo" finished-at="2022-03-31T09:57:58 EDT" depends-on-methods="com.saucedemo.base.BaseClass.loadConfig" duration-ms="352" status="PASS">
          <reporter-output>
          </reporter-output>
        </test-method> <!-- extentRepo -->
        <test-method is-config="true" signature="setup()[pri:0, instance:com.saucedemo.testcases.OrderProductsTest@2631f68c]" started-at="2022-03-31T09:57:58 EDT" name="setup" finished-at="2022-03-31T09:58:01 EDT" duration-ms="2914" status="PASS">
          <reporter-output>
          </reporter-output>
        </test-method> <!-- setup -->
        <test-method signature="addRemoveVerifyAndPlaceOrder()[pri:0, instance:com.saucedemo.testcases.OrderProductsTest@2631f68c]" started-at="2022-03-31T09:58:01 EDT" name="addRemoveVerifyAndPlaceOrder" finished-at="2022-03-31T09:58:08 EDT" duration-ms="7106" status="PASS">
          <reporter-output>
          </reporter-output>
        </test-method> <!-- addRemoveVerifyAndPlaceOrder -->
        <test-method is-config="true" signature="tearDown()[pri:0, instance:com.saucedemo.testcases.OrderProductsTest@2631f68c]" started-at="2022-03-31T09:58:08 EDT" name="tearDown" finished-at="2022-03-31T09:58:08 EDT" duration-ms="170" status="PASS">
          <reporter-output>
          </reporter-output>
        </test-method> <!-- tearDown -->
        <test-method is-config="true" signature="cleanUp()[pri:0, instance:com.saucedemo.testcases.OrderProductsTest@2631f68c]" started-at="2022-03-31T09:58:08 EDT" name="cleanUp" finished-at="2022-03-31T09:58:09 EDT" duration-ms="609" status="PASS">
          <reporter-output>
          </reporter-output>
        </test-method> <!-- cleanUp -->
        <test-method is-config="true" signature="afterSuite()[pri:0, instance:com.saucedemo.testcases.OrderProductsTest@2631f68c]" started-at="2022-03-31T09:58:09 EDT" name="afterSuite" finished-at="2022-03-31T09:58:09 EDT" depends-on-methods="com.saucedemo.testcases.OrderProductsTest.cleanUp" duration-ms="16" status="PASS">
          <reporter-output>
          </reporter-output>
        </test-method> <!-- afterSuite -->
      </class> <!-- com.saucedemo.testcases.OrderProductsTest -->
    </test> <!-- Default test -->
  </suite> <!-- Default suite -->
</testng-results>
